<?xml version="1.0" encoding="UTF-8"?>
<testng-results ignored="0" total="2" passed="2" failed="0" skipped="0">
  <reporter-output>
  </reporter-output>
  <suite started-at="2024-05-02T23:11:47 EDT" name="Default suite" finished-at="2024-05-02T23:11:47 EDT" duration-ms="88">
    <groups>
    </groups>
    <test started-at="2024-05-02T23:11:47 EDT" name="Default test" finished-at="2024-05-02T23:11:47 EDT" duration-ms="88">
      <class name="softwaertesting.trainingsessions.NewTest">
        <test-method is-config="true" signature="beforeSuite()[pri:0, instance:softwaertesting.trainingsessions.NewTest@7d0b7e3c]" started-at="2024-05-02T23:11:47 EDT" name="beforeSuite" finished-at="2024-05-02T23:11:47 EDT" duration-ms="14" status="PASS">
          <reporter-output>
          </reporter-output>
        </test-method> <!-- beforeSuite -->
        <test-method is-config="true" signature="beforeTest()[pri:0, instance:softwaertesting.trainingsessions.NewTest@7d0b7e3c]" started-at="2024-05-02T23:11:47 EDT" name="beforeTest" finished-at="2024-05-02T23:11:47 EDT" duration-ms="1" status="PASS">
          <reporter-output>
          </reporter-output>
        </test-method> <!-- beforeTest -->
        <test-method is-config="true" signature="beforeClass()[pri:0, instance:softwaertesting.trainingsessions.NewTest@7d0b7e3c]" started-at="2024-05-02T23:11:47 EDT" name="beforeClass" finished-at="2024-05-02T23:11:47 EDT" duration-ms="1" status="PASS">
          <reporter-output>
          </reporter-output>
        </test-method> <!-- beforeClass -->
        <test-method is-config="true" signature="beforeMethod()[pri:0, instance:softwaertesting.trainingsessions.NewTest@7d0b7e3c]" started-at="2024-05-02T23:11:47 EDT" name="beforeMethod" finished-at="2024-05-02T23:11:47 EDT" duration-ms="1" status="PASS">
          <reporter-output>
          </reporter-output>
        </test-method> <!-- beforeMethod -->
        <test-method signature="f()[pri:0, instance:softwaertesting.trainingsessions.NewTest@7d0b7e3c]" started-at="2024-05-02T23:11:47 EDT" name="f" finished-at="2024-05-02T23:11:47 EDT" duration-ms="9" status="PASS">
          <reporter-output>
          </reporter-output>
        </test-method> <!-- f -->
        <test-method is-config="true" signature="afterMethod()[pri:0, instance:softwaertesting.trainingsessions.NewTest@7d0b7e3c]" started-at="2024-05-02T23:11:47 EDT" name="afterMethod" finished-at="2024-05-02T23:11:47 EDT" duration-ms="1" status="PASS">
          <reporter-output>
          </reporter-output>
        </test-method> <!-- afterMethod -->
        <test-method is-config="true" signature="beforeMethod()[pri:0, instance:softwaertesting.trainingsessions.NewTest@7d0b7e3c]" started-at="2024-05-02T23:11:47 EDT" name="beforeMethod" finished-at="2024-05-02T23:11:47 EDT" duration-ms="1" status="PASS">
          <reporter-output>
          </reporter-output>
        </test-method> <!-- beforeMethod -->
        <test-method signature="testsecond()[pri:0, instance:softwaertesting.trainingsessions.NewTest@7d0b7e3c]" started-at="2024-05-02T23:11:47 EDT" name="testsecond" finished-at="2024-05-02T23:11:47 EDT" duration-ms="1" status="PASS">
          <reporter-output>
          </reporter-output>
        </test-method> <!-- testsecond -->
        <test-method is-config="true" signature="afterMethod()[pri:0, instance:softwaertesting.trainingsessions.NewTest@7d0b7e3c]" started-at="2024-05-02T23:11:47 EDT" name="afterMethod" finished-at="2024-05-02T23:11:47 EDT" duration-ms="0" status="PASS">
          <reporter-output>
          </reporter-output>
        </test-method> <!-- afterMethod -->
        <test-method is-config="true" signature="afterClass()[pri:0, instance:softwaertesting.trainingsessions.NewTest@7d0b7e3c]" started-at="2024-05-02T23:11:47 EDT" name="afterClass" finished-at="2024-05-02T23:11:47 EDT" duration-ms="1" status="PASS">
          <reporter-output>
          </reporter-output>
        </test-method> <!-- afterClass -->
        <test-method is-config="true" signature="afterTest()[pri:0, instance:softwaertesting.trainingsessions.NewTest@7d0b7e3c]" started-at="2024-05-02T23:11:47 EDT" name="afterTest" finished-at="2024-05-02T23:11:47 EDT" duration-ms="1" status="PASS">
          <reporter-output>
          </reporter-output>
        </test-method> <!-- afterTest -->
        <test-method is-config="true" signature="afterSuite()[pri:0, instance:softwaertesting.trainingsessions.NewTest@7d0b7e3c]" started-at="2024-05-02T23:11:47 EDT" name="afterSuite" finished-at="2024-05-02T23:11:47 EDT" duration-ms="0" status="PASS">
          <reporter-output>
          </reporter-output>
        </test-method> <!-- afterSuite -->
      </class> <!-- softwaertesting.trainingsessions.NewTest -->
    </test> <!-- Default test -->
  </suite> <!-- Default suite -->
</testng-results>
